  ProjektPSiO.cpp
C:\Users\48723\Documents\GitHub\Projekt-psio\ProjektPSiO\ProjektPSiO.cpp(24,59): warning C4244: "argument": konwersja z "T" do "T", możliwa utrata danych
C:\Users\48723\Documents\GitHub\Projekt-psio\ProjektPSiO\ProjektPSiO.cpp(24,59): warning C4244:         with
C:\Users\48723\Documents\GitHub\Projekt-psio\ProjektPSiO\ProjektPSiO.cpp(24,59): warning C4244:         [
C:\Users\48723\Documents\GitHub\Projekt-psio\ProjektPSiO\ProjektPSiO.cpp(24,59): warning C4244:             T=unsigned int
C:\Users\48723\Documents\GitHub\Projekt-psio\ProjektPSiO\ProjektPSiO.cpp(24,59): warning C4244:         ]
C:\Users\48723\Documents\GitHub\Projekt-psio\ProjektPSiO\ProjektPSiO.cpp(24,59): warning C4244:         and
C:\Users\48723\Documents\GitHub\Projekt-psio\ProjektPSiO\ProjektPSiO.cpp(24,59): warning C4244:         [
C:\Users\48723\Documents\GitHub\Projekt-psio\ProjektPSiO\ProjektPSiO.cpp(24,59): warning C4244:             T=float
C:\Users\48723\Documents\GitHub\Projekt-psio\ProjektPSiO\ProjektPSiO.cpp(24,59): warning C4244:         ]
C:\Users\48723\Documents\GitHub\Projekt-psio\ProjektPSiO\ProjektPSiO.cpp(26,26): warning C4244: "argument": konwersja z "int" do "float", możliwa utrata danych
C:\Users\48723\Documents\GitHub\Projekt-psio\ProjektPSiO\ProjektPSiO.cpp(33,45): warning C4244: "argument": konwersja z "int" do "float", możliwa utrata danych
C:\Users\48723\Documents\GitHub\Projekt-psio\ProjektPSiO\ProjektPSiO.cpp(38,45): warning C4244: "argument": konwersja z "int" do "float", możliwa utrata danych
C:\Users\48723\Documents\GitHub\Projekt-psio\ProjektPSiO\ProjektPSiO.cpp(61,46): warning C4244: "argument": konwersja z "int" do "float", możliwa utrata danych
  Trwa generowanie kodu
  4 of 147 functions ( 2.7%) were compiled, the rest were copied from previous compilation.
    3 functions were new in current compilation
    1 functions had inline decision re-evaluated but remain unchanged
  Zakończono generowanie kodu
  ProjektPSiO.vcxproj -> C:\Users\48723\Documents\GitHub\Projekt-psio\ProjektPSiO\x64\Release\ProjektPSiO.exe
  'pwsh.exe' is not recognized as an internal or external command,
  operable program or batch file.
